[2026-07-18T21:31:16.868Z] GET file:///Users/navi/navi3582.github.io/index.html → 200 (7ms, 24811B)
[2026-07-18T21:31:16.883Z] GET file:///Users/navi/navi3582.github.io/headshot.jpg → 200 (3ms, 64329B)
[2026-07-18T21:32:00.652Z] GET file:///Users/navi/navi3582.github.io/index.html → 200 (1ms, 24811B)
[2026-07-18T21:32:00.656Z] GET file:///Users/navi/navi3582.github.io/headshot.jpg → 200 (2ms, 64329B)
[2026-07-18T21:32:01.849Z] GET file:///Users/navi/navi3582.github.io/index.html → 200 (?ms, 24811B)
[2026-07-18T21:32:01.852Z] GET file:///Users/navi/navi3582.github.io/headshot.jpg → 200 (2ms, 64329B)
[2026-07-18T21:32:41.397Z] GET file:///Users/navi/navi3582.github.io/index.html → 200 (1ms, 24811B)
[2026-07-18T21:32:41.403Z] GET file:///Users/navi/navi3582.github.io/headshot.jpg → 200 (1ms, 64329B)
[2026-07-18T21:33:10.624Z] GET file:///Users/navi/navi3582.github.io/index.html → 200 (?ms, 24842B)
[2026-07-18T21:33:10.627Z] GET file:///Users/navi/navi3582.github.io/headshot.jpg → 200 (2ms, 64329B)
[2026-07-18T21:34:48.577Z] GET https://navi3582.github.io/ → 200 (242ms, 9148B)
[2026-07-18T21:34:48.834Z] GET https://navi3582.github.io/headshot.jpg → pending (?ms, ?B)
[2026-07-18T21:53:42.549Z] GET file:///Users/navi/navi3582.github.io/index.html → 200 (20ms, ?B)
[2026-07-18T21:53:42.698Z] GET file:///Users/navi/navi3582.github.io/headshot.jpg → 200 (1ms, 64329B)
[2026-07-18T21:54:03.832Z] GET file:///Users/navi/navi3582.github.io/index.html → 200 (1ms, 26827B)
[2026-07-18T21:54:03.836Z] GET file:///Users/navi/navi3582.github.io/headshot.jpg → 200 (2ms, 64329B)
[2026-07-18T22:05:00.075Z] GET file:///Users/navi/navi3582.github.io/index.html → 200 (2ms, 30593B)
[2026-07-18T22:05:00.088Z] GET file:///Users/navi/navi3582.github.io/headshot.jpg → 200 (1ms, 64329B)
[2026-07-18T22:05:02.005Z] GET https://raw.githubusercontent.com/navi3582/navi3582/main/contrib-heatmap.svg → pending (?ms, ?B)
[2026-07-18T22:15:36.174Z] GET file:///Users/navi/navi3582.github.io/index.html → 200 (21ms, 27401B)
[2026-07-18T22:15:36.234Z] GET file:///Users/navi/navi3582.github.io/headshot.jpg → 200 (1ms, 64329B)
[2026-07-18T22:15:36.251Z] GET file:///Users/navi/navi3582.github.io/car-photo.webp → 200 (2ms, 96737B)
[2026-07-18T22:15:36.265Z] GET https://raw.githubusercontent.com/navi3582/navi3582/main/contrib-heatmap.svg → 200 (247ms, 318B)
[2026-07-18T22:16:31.500Z] GET file:///Users/navi/navi3582.github.io/index.html → 200 (?ms, 27442B)
[2026-07-18T22:16:31.503Z] GET file:///Users/navi/navi3582.github.io/headshot.jpg → 200 (1ms, 64329B)
[2026-07-18T22:16:31.505Z] GET file:///Users/navi/navi3582.github.io/car-photo.webp → 200 (1ms, 96737B)
[2026-07-18T22:16:31.522Z] GET https://raw.githubusercontent.com/navi3582/navi3582/main/contrib-heatmap.svg → 200 (4ms, -840B)
[2026-07-18T22:16:54.496Z] GET file:///Users/navi/navi3582.github.io/index.html → 200 (?ms, 27442B)
[2026-07-18T22:16:54.499Z] GET file:///Users/navi/navi3582.github.io/headshot.jpg → 200 (2ms, 64329B)
[2026-07-18T22:16:54.500Z] GET file:///Users/navi/navi3582.github.io/car-photo.webp → 200 (1ms, 96737B)
[2026-07-18T22:16:56.206Z] GET https://raw.githubusercontent.com/navi3582/navi3582/main/contrib-heatmap.svg → 200 (7ms, -840B)
